<?xml version="1.0" encoding="UTF-8"?>
<!-- Generated by org.testng.reporters.JUnitReportReporter -->
<testsuite hostname="YelugamRakesh" failures="0" tests="2" name="Selenium_QA.Window_Handle" time="-1699453056.000" errors="1" timestamp="2023-11-08T19:48:28 IST" skipped="1">
  <testcase classname="Selenium_QA.Window_Handle" name="LaunchWebSite" time="-1699453056.000">
    <error message="
Parameter &#039;URL&#039; is required by BeforeTest on method LaunchWebSite but has not been marked @Optional or defined
in /private/var/folders/5z/0r711451209ftdd3tbzfk3y80000gp/T/testng-eclipse--1600447832/testng-customsuite.xml" type="org.testng.TestNGException">
      <![CDATA[org.testng.TestNGException: 
Parameter 'URL' is required by BeforeTest on method LaunchWebSite but has not been marked @Optional or defined
in /private/var/folders/5z/0r711451209ftdd3tbzfk3y80000gp/T/testng-eclipse--1600447832/testng-customsuite.xml
at org.testng.internal.Parameters.createParams(Parameters.java:267)
at org.testng.internal.Parameters.createParametersForMethod(Parameters.java:355)
at org.testng.internal.Parameters.createParameters(Parameters.java:684)
at org.testng.internal.Parameters.createConfigurationParameters(Parameters.java:166)
at org.testng.internal.invokers.ConfigInvoker.invokeConfigurations(ConfigInvoker.java:306)
at org.testng.TestRunner.invokeTestConfigurations(TestRunner.java:663)
at org.testng.TestRunner.beforeRun(TestRunner.java:652)
at org.testng.TestRunner.run(TestRunner.java:614)
at org.testng.SuiteRunner.runTest(SuiteRunner.java:443)
at org.testng.SuiteRunner.runSequentially(SuiteRunner.java:437)
at org.testng.SuiteRunner.privateRun(SuiteRunner.java:397)
at org.testng.SuiteRunner.run(SuiteRunner.java:336)
at org.testng.SuiteRunnerWorker.runSuite(SuiteRunnerWorker.java:52)
at org.testng.SuiteRunnerWorker.run(SuiteRunnerWorker.java:95)
at org.testng.TestNG.runSuitesSequentially(TestNG.java:1280)
at org.testng.TestNG.runSuitesLocally(TestNG.java:1200)
at org.testng.TestNG.runSuites(TestNG.java:1114)
at org.testng.TestNG.run(TestNG.java:1082)
at org.testng.remote.AbstractRemoteTestNG.run(AbstractRemoteTestNG.java:115)
at org.testng.remote.RemoteTestNG.initAndRun(RemoteTestNG.java:251)
at org.testng.remote.RemoteTestNG.main(RemoteTestNG.java:77)
]]>
    </error>
  </testcase> <!-- LaunchWebSite -->
  <testcase classname="Selenium_QA.Window_Handle" name="windowhandle" time="0.000">
    <skipped/>
  </testcase> <!-- windowhandle -->
</testsuite> <!-- Selenium_QA.Window_Handle -->
