<?xml version="1.0" encoding="UTF-8"?>
<!-- Generated by org.testng.reporters.JUnitXMLReporter -->
<testsuite ignored="0" hostname="YelugamRakesh" failures="0" tests="1" name="Test" time="0.028" errors="0" timestamp="2023-11-08T10:48:00 IST">
  <testcase classname="Selenium_QA.MultiDropdown_Selection" name="@BeforeTest LaunchWebSite" time="-1.699420680735E9">
    <failure type="org.testng.TestNGException" message="
Parameter &amp;apos;URL&amp;apos; is required by BeforeTest on method LaunchWebSite but has not been marked @Optional or defined
in /Users/yelugamrakesh/Documents/Documents - Yelugam_Rakesh/Deloitte_Database_Workstation/WebElements.xml">
      <![CDATA[org.testng.TestNGException: 
Parameter 'URL' is required by BeforeTest on method LaunchWebSite but has not been marked @Optional or defined
in /Users/yelugamrakesh/Documents/Documents - Yelugam_Rakesh/Deloitte_Database_Workstation/WebElements.xml
... Removed 21 stack frames]]>
    </failure>
  </testcase> <!-- @BeforeTest LaunchWebSite -->
  <testcase classname="Selenium_QA.MultiDropdown_Selection" name="@AfterTest closebrowser" time="0.0">
    <skipped/>
  </testcase> <!-- @AfterTest closebrowser -->
  <testcase classname="Selenium_QA.MultiDropdown_Selection" name="Mutliselection" time="0.0">
    <skipped/>
  </testcase> <!-- Mutliselection -->
</testsuite> <!-- Test -->
